<?xml version="1.0" encoding="UTF-8"?>
<testsuite name="com.AddressBook.addressBookTest" tests="3" skipped="0" failures="0" errors="0" timestamp="2021-05-17T14:32:19" hostname="DESKTOP-9F42HSG" time="6.42">
  <properties/>
  <testcase name="databaseOperation()" classname="com.AddressBook.addressBookTest" time="5.964"/>
  <testcase name="addressBookFileOperations()" classname="com.AddressBook.addressBookTest" time="0.428"/>
  <testcase name="addressBookConsoleOperation()" classname="com.AddressBook.addressBookTest" time="0.018"/>
  <system-out><![CDATA[{Friends=[[name=amarnadh, Address=akko, City=kozhi, state=kera, zip=123, phone=9048,date=2021-05-17], [name=anandhu, Address=akko, City=kozhi, state=kera, zip=123, phone=9048,date=2021-05-17]], personal=[[name=amal, Address=akko, City=kozhi, state=kera, zip=123, phone=9048,date=2021-05-17], [name=amma, Address=akko, City=kozhi, state=kera, zip=123, phone=9048,date=2021-05-17]]}
Connecting to database:jdbc:mysql://localhost:3306/addressbook_database?characterEncoding=latin1
Connection is successfull!!!!!com.mysql.cj.jdbc.ConnectionImpl@53ac40c6
Connecting to database:jdbc:mysql://localhost:3306/addressbook_database?characterEncoding=latin1
Connection is successfull!!!!!com.mysql.cj.jdbc.ConnectionImpl@3cac08ba
Connecting to database:jdbc:mysql://localhost:3306/addressbook_database?characterEncoding=latin1
Connection is successfull!!!!!com.mysql.cj.jdbc.ConnectionImpl@a32e367
Connecting to database:jdbc:mysql://localhost:3306/addressbook_database?characterEncoding=latin1
Connection is successfull!!!!!com.mysql.cj.jdbc.ConnectionImpl@1127e704
Connecting to database:jdbc:mysql://localhost:3306/addressbook_database?characterEncoding=latin1
Connection is successfull!!!!!com.mysql.cj.jdbc.ConnectionImpl@e036f8f
retrieve data
[[name=amal, Address=akko, City=kozhi, state=kera, zip=123, phone=9048,date=2021-05-17], [name=amarnadh, Address=akko, City=kozhi, state=kera, zip=123, phone=9048,date=2021-05-17], [name=anandhu, Address=akko, City=kozhi, state=kera, zip=123, phone=9048,date=2021-05-17]]
Connecting to database:jdbc:mysql://localhost:3306/addressbook_database?characterEncoding=latin1
Connection is successfull!!!!!com.mysql.cj.jdbc.ConnectionImpl@164d8203
count of city
3
Connecting to database:jdbc:mysql://localhost:3306/addressbook_database?characterEncoding=latin1
Connection is successfull!!!!!com.mysql.cj.jdbc.ConnectionImpl@466d86a8
retrieve data according to date
[[name=amal, Address=akko, City=kozhi, state=kera, zip=123, phone=9048,date=2021-05-17], [name=amarnadh, Address=akko, City=kozhi, state=kera, zip=123, phone=9048,date=2021-05-17], [name=anandhu, Address=akko, City=kozhi, state=kera, zip=123, phone=9048,date=2021-05-17]]
{Friends=[[name=amarnadh, Address=akko, City=kozhi, state=kera, zip=123, phone=9048,date=2021-05-17], [name=anandhu, Address=akko, City=kozhi, state=kera, zip=123, phone=9048,date=2021-05-17], [name=amarnadh, Address=akko, City=kozhi, state=kera, zip=123, phone=9048,date=2021-05-17], [name=anandhu, Address=akko, City=kozhi, state=kera, zip=123, phone=9048,date=2021-05-17]], personal=[[name=amal, Address=akko, City=kozhi, state=kera, zip=123, phone=9048,date=2021-05-17], [name=amma, Address=akko, City=kozhi, state=kera, zip=123, phone=9048,date=2021-05-17], [name=amal, Address=akko, City=kozhi, state=kera, zip=123, phone=9048,date=2021-05-17], [name=amma, Address=akko, City=kozhi, state=kera, zip=123, phone=9048,date=2021-05-17]]}
[name=amal, Address=akko, City=kozhi, state=kera, zip=123, phone=9048,date=2021-05-17]
[name=amma, Address=akko, City=kozhi, state=kera, zip=123, phone=9048,date=2021-05-17]
[name=amarnadh, Address=akko, City=kozhi, state=kera, zip=123, phone=9048,date=2021-05-17]
[name=anandhu, Address=akko, City=kozhi, state=kera, zip=123, phone=9048,date=2021-05-17]
[]
Name: amal
address: akko
city: kozhi
state: kera
zip: 123
phone: 9048
date: 2021-05-17
***********************
Name: amma
address: akko
city: kozhi
state: kera
zip: 123
phone: 9048
date: 2021-05-17
***********************
Name: amarnadh
address: akko
city: kozhi
state: kera
zip: 123
phone: 9048
date: 2021-05-17
***********************
Name: anandhu
address: akko
city: kozhi
state: kera
zip: 123
phone: 9048
date: 2021-05-17
***********************
"{\"fullname\":\"amal\",\"address\":\"akko\",\"city\":\"kozhi\",\"state\":\"kera\",\"zip\":123,\"phone\":9048,\"startDate\":{\"year\":2021,\"month\":5,\"day\":17}}"
"{\"fullname\":\"amma\",\"address\":\"akko\",\"city\":\"kozhi\",\"state\":\"kera\",\"zip\":123,\"phone\":9048,\"startDate\":{\"year\":2021,\"month\":5,\"day\":17}}"
"{\"fullname\":\"amarnadh\",\"address\":\"akko\",\"city\":\"kozhi\",\"state\":\"kera\",\"zip\":123,\"phone\":9048,\"startDate\":{\"year\":2021,\"month\":5,\"day\":17}}"
"{\"fullname\":\"anandhu\",\"address\":\"akko\",\"city\":\"kozhi\",\"state\":\"kera\",\"zip\":123,\"phone\":9048,\"startDate\":{\"year\":2021,\"month\":5,\"day\":17}}"
{Friends=[[name=amarnadh, Address=akko, City=kozhi, state=kera, zip=123, phone=9048,date=2021-05-17], [name=anandhu, Address=akko, City=kozhi, state=kera, zip=123, phone=9048,date=2021-05-17], [name=amarnadh, Address=akko, City=kozhi, state=kera, zip=123, phone=9048,date=2021-05-17], [name=anandhu, Address=akko, City=kozhi, state=kera, zip=123, phone=9048,date=2021-05-17], [name=amarnadh, Address=akko, City=kozhi, state=kera, zip=123, phone=9048,date=2021-05-17], [name=anandhu, Address=akko, City=kozhi, state=kera, zip=123, phone=9048,date=2021-05-17]], personal=[[name=amal, Address=akko, City=kozhi, state=kera, zip=123, phone=9048,date=2021-05-17], [name=amma, Address=akko, City=kozhi, state=kera, zip=123, phone=9048,date=2021-05-17], [name=amal, Address=akko, City=kozhi, state=kera, zip=123, phone=9048,date=2021-05-17], [name=amma, Address=akko, City=kozhi, state=kera, zip=123, phone=9048,date=2021-05-17], [name=amal, Address=akko, City=kozhi, state=kera, zip=123, phone=9048,date=2021-05-17], [name=amma, Address=akko, City=kozhi, state=kera, zip=123, phone=9048,date=2021-05-17]]}
{Friends=[[name=amarnadh, Address=akko, City=kozhi, state=kera, zip=123, phone=9048,date=2021-05-17], [name=anandhu, Address=akko, City=kozhi, state=kera, zip=123, phone=9048,date=2021-05-17]], personal=[[name=amalraj a c, Address=akko, City=kozhi, state=kera, zip=123, phone=9048,date=2021-05-17], [name=amma, Address=akko, City=kozhi, state=kera, zip=123, phone=9048,date=2021-05-17]]}
{Friends=[[name=amarnadh, Address=akko, City=kozhi, state=kera, zip=123, phone=9048,date=2021-05-17], [name=anandhu, Address=akko, City=kozhi, state=kera, zip=123, phone=9048,date=2021-05-17]], personal=[[name=amma, Address=akko, City=kozhi, state=kera, zip=123, phone=9048,date=2021-05-17]]}
{kozhi=[[name=amarnadh, Address=akko, City=kozhi, state=kera, zip=123, phone=9048,date=2021-05-17], [name=anandhu, Address=akko, City=kozhi, state=kera, zip=123, phone=9048,date=2021-05-17]]}
{kera=[[name=amarnadh, Address=akko, City=kozhi, state=kera, zip=123, phone=9048,date=2021-05-17], [name=anandhu, Address=akko, City=kozhi, state=kera, zip=123, phone=9048,date=2021-05-17]]}
]]></system-out>
  <system-err><![CDATA[]]></system-err>
</testsuite>
